# JRE version: Java(TM) SE Runtime Environment (7.0_12-b08) (build 1.7.0_12-ea-b08)
# Java VM: Java HotSpot(TM) 64-Bit Server VM (24.0-b28 mixed mode bsd-amd64 compressed oops)
Heap
 PSYoungGen      total 48896K, used 11528K [0x000000014a1d0000, 0x0000000150150000, 0x0000000167720000)
  eden space 45184K, 20% used [0x000000014a1d0000,0x000000014ab0a340,0x000000014cdf0000)
  from space 3712K, 56% used [0x000000014cdf0000,0x000000014cff8020,0x000000014d190000)
  to   space 3712K, 0% used [0x000000014fdb0000,0x000000014fdb0000,0x0000000150150000)
 ParOldGen       total 60096K, used 27245K [0x000000010f720000, 0x00000001131d0000, 0x000000014a1d0000)
  object space 60096K, 45% used [0x000000010f720000,0x00000001111bb750,0x00000001131d0000)
 PSPermGen       total 21248K, used 9959K [0x000000010a520000, 0x000000010b9e0000, 0x000000010f720000)
  object space 21248K, 46% used [0x000000010a520000,0x000000010aed9f28,0x000000010b9e0000)
GC Heap History (6 events):
Event: 2.681 GC heap before
{Heap before GC invocations=1 (full 0):
 PSYoungGen      total 26304K, used 22592K [0x000000014a1d0000, 0x000000014bf20000, 0x0000000167720000)
  eden space 22592K, 100% used [0x000000014a1d0000,0x000000014b7e0000,0x000000014b7e0000)
  from space 3712K, 0% used [0x000000014bb80000,0x000000014bb80000,0x000000014bf20000)
  to   space 3712K, 0% used [0x000000014b7e0000,0x000000014b7e0000,0x000000014bb80000)
 ParOldGen       total 60096K, used 0K [0x000000010f720000, 0x00000001131d0000, 0x000000014a1d0000)
  object space 60096K, 0% used [0x000000010f720000,0x000000010f720000,0x00000001131d0000)
 PSPermGen       total 21248K, used 8580K [0x000000010a520000, 0x000000010b9e0000, 0x000000010f720000)
  object space 21248K, 40% used [0x000000010a520000,0x000000010ad81380,0x000000010b9e0000)
Event: 2.710 GC heap after
Heap after GC invocations=1 (full 0):
 PSYoungGen      total 26304K, used 3361K [0x000000014a1d0000, 0x000000014d530000, 0x0000000167720000)
  eden space 22592K, 0% used [0x000000014a1d0000,0x000000014a1d0000,0x000000014b7e0000)
  from space 3712K, 90% used [0x000000014b7e0000,0x000000014bb28668,0x000000014bb80000)
  to   space 3712K, 0% used [0x000000014d190000,0x000000014d190000,0x000000014d530000)
 ParOldGen       total 60096K, used 4218K [0x000000010f720000, 0x00000001131d0000, 0x000000014a1d0000)
  object space 60096K, 7% used [0x000000010f720000,0x000000010fb3eb10,0x00000001131d0000)
 PSPermGen       total 21248K, used 8580K [0x000000010a520000, 0x000000010b9e0000, 0x000000010f720000)
  object space 21248K, 40% used [0x000000010a520000,0x000000010ad81380,0x000000010b9e0000)
}
Event: 3.452 GC heap before
{Heap before GC invocations=2 (full 0):
 PSYoungGen      total 26304K, used 25953K [0x000000014a1d0000, 0x000000014d530000, 0x0000000167720000)
  eden space 22592K, 100% used [0x000000014a1d0000,0x000000014b7e0000,0x000000014b7e0000)
  from space 3712K, 90% used [0x000000014b7e0000,0x000000014bb28668,0x000000014bb80000)
  to   space 3712K, 0% used [0x000000014d190000,0x000000014d190000,0x000000014d530000)
 ParOldGen       total 60096K, used 4218K [0x000000010f720000, 0x00000001131d0000, 0x000000014a1d0000)
  object space 60096K, 7% used [0x000000010f720000,0x000000010fb3eb10,0x00000001131d0000)
 PSPermGen       total 21248K, used 9679K [0x000000010a520000, 0x000000010b9e0000, 0x000000010f720000)
  object space 21248K, 45% used [0x000000010a520000,0x000000010ae93f60,0x000000010b9e0000)
Event: 3.496 GC heap after
Heap after GC invocations=2 (full 0):
 PSYoungGen      total 48896K, used 2050K [0x000000014a1d0000, 0x000000014d530000, 0x0000000167720000)
  eden space 45184K, 0% used [0x000000014a1d0000,0x000000014a1d0000,0x000000014cdf0000)
  from space 3712K, 55% used [0x000000014d190000,0x000000014d390900,0x000000014d530000)
  to   space 3712K, 0% used [0x000000014cdf0000,0x000000014cdf0000,0x000000014d190000)
 ParOldGen       total 60096K, used 27237K [0x000000010f720000, 0x00000001131d0000, 0x000000014a1d0000)
  object space 60096K, 45% used [0x000000010f720000,0x00000001111b9750,0x00000001131d0000)
 PSPermGen       total 21248K, used 9679K [0x000000010a520000, 0x000000010b9e0000, 0x000000010f720000)
  object space 21248K, 45% used [0x000000010a520000,0x000000010ae93f60,0x000000010b9e0000)
}
Event: 3.959 GC heap before
{Heap before GC invocations=3 (full 0):
 PSYoungGen      total 48896K, used 46414K [0x000000014a1d0000, 0x000000014d530000, 0x0000000167720000)
  eden space 45184K, 98% used [0x000000014a1d0000,0x000000014cd22f40,0x000000014cdf0000)
  from space 3712K, 55% used [0x000000014d190000,0x000000014d390900,0x000000014d530000)
  to   space 3712K, 0% used [0x000000014cdf0000,0x000000014cdf0000,0x000000014d190000)
 ParOldGen       total 60096K, used 27237K [0x000000010f720000, 0x00000001131d0000, 0x000000014a1d0000)
  object space 60096K, 45% used [0x000000010f720000,0x00000001111b9750,0x00000001131d0000)
 PSPermGen       total 21248K, used 9795K [0x000000010a520000, 0x000000010b9e0000, 0x000000010f720000)
  object space 21248K, 46% used [0x000000010a520000,0x000000010aeb0d60,0x000000010b9e0000)
Event: 3.969 GC heap after
Heap after GC invocations=3 (full 0):
 PSYoungGen      total 48896K, used 2080K [0x000000014a1d0000, 0x0000000150150000, 0x0000000167720000)
  eden space 45184K, 0% used [0x000000014a1d0000,0x000000014a1d0000,0x000000014cdf0000)
  from space 3712K, 56% used [0x000000014cdf0000,0x000000014cff8020,0x000000014d190000)
  to   space 3712K, 0% used [0x000000014fdb0000,0x000000014fdb0000,0x0000000150150000)
 ParOldGen       total 60096K, used 27245K [0x000000010f720000, 0x00000001131d0000, 0x000000014a1d0000)
  object space 60096K, 45% used [0x000000010f720000,0x00000001111bb750,0x00000001131d0000)
 PSPermGen       total 21248K, used 9795K [0x000000010a520000, 0x000000010b9e0000, 0x000000010f720000)
  object space 21248K, 46% used [0x000000010a520000,0x000000010aeb0d60,0x000000010b9e0000)
}

