# JRE version: Java(TM) SE Runtime Environment (7.0_12-b08) (build 1.7.0_12-ea-b08)
# Java VM: Java HotSpot(TM) 64-Bit Server VM (24.0-b28 mixed mode bsd-amd64 compressed oops)
Heap
 PSYoungGen      total 48768K, used 9277K [0x00000001439b0000, 0x0000000146cf0000, 0x0000000160db0000)
  eden space 45056K, 15% used [0x00000001439b0000,0x00000001440b7540,0x00000001465b0000)
  from space 3712K, 56% used [0x0000000146950000,0x0000000146b58020,0x0000000146cf0000)
  to   space 3712K, 0% used [0x00000001465b0000,0x00000001465b0000,0x0000000146950000)
 ParOldGen       total 59904K, used 27245K [0x00000001091b0000, 0x000000010cc30000, 0x00000001439b0000)
  object space 59904K, 45% used [0x00000001091b0000,0x000000010ac4b750,0x000000010cc30000)
 PSPermGen       total 21248K, used 9934K [0x0000000103fb0000, 0x0000000105470000, 0x00000001091b0000)
  object space 21248K, 46% used [0x0000000103fb0000,0x0000000104963990,0x0000000105470000)
GC Heap History (8 events):
Event: 3.226 GC heap before
{Heap before GC invocations=1 (full 0):
 PSYoungGen      total 26240K, used 22528K [0x00000001439b0000, 0x00000001456f0000, 0x0000000160db0000)
  eden space 22528K, 100% used [0x00000001439b0000,0x0000000144fb0000,0x0000000144fb0000)
  from space 3712K, 0% used [0x0000000145350000,0x0000000145350000,0x00000001456f0000)
  to   space 3712K, 0% used [0x0000000144fb0000,0x0000000144fb0000,0x0000000145350000)
 ParOldGen       total 59904K, used 0K [0x00000001091b0000, 0x000000010cc30000, 0x00000001439b0000)
  object space 59904K, 0% used [0x00000001091b0000,0x00000001091b0000,0x000000010cc30000)
 PSPermGen       total 21248K, used 8580K [0x0000000103fb0000, 0x0000000105470000, 0x00000001091b0000)
  object space 21248K, 40% used [0x0000000103fb0000,0x0000000104811380,0x0000000105470000)
Event: 3.256 GC heap after
Heap after GC invocations=1 (full 0):
 PSYoungGen      total 26240K, used 3377K [0x00000001439b0000, 0x00000001456f0000, 0x0000000160db0000)
  eden space 22528K, 0% used [0x00000001439b0000,0x00000001439b0000,0x0000000144fb0000)
  from space 3712K, 90% used [0x0000000144fb0000,0x00000001452fc658,0x0000000145350000)
  to   space 3712K, 0% used [0x0000000145350000,0x0000000145350000,0x00000001456f0000)
 ParOldGen       total 59904K, used 4226K [0x00000001091b0000, 0x000000010cc30000, 0x00000001439b0000)
  object space 59904K, 7% used [0x00000001091b0000,0x00000001095d0b10,0x000000010cc30000)
 PSPermGen       total 21248K, used 8580K [0x0000000103fb0000, 0x0000000105470000, 0x00000001091b0000)
  object space 21248K, 40% used [0x0000000103fb0000,0x0000000104811380,0x0000000105470000)
}
Event: 4.178 GC heap before
{Heap before GC invocations=2 (full 0):
 PSYoungGen      total 26240K, used 25905K [0x00000001439b0000, 0x00000001456f0000, 0x0000000160db0000)
  eden space 22528K, 100% used [0x00000001439b0000,0x0000000144fb0000,0x0000000144fb0000)
  from space 3712K, 90% used [0x0000000144fb0000,0x00000001452fc658,0x0000000145350000)
  to   space 3712K, 0% used [0x0000000145350000,0x0000000145350000,0x00000001456f0000)
 ParOldGen       total 59904K, used 4226K [0x00000001091b0000, 0x000000010cc30000, 0x00000001439b0000)
  object space 59904K, 7% used [0x00000001091b0000,0x00000001095d0b10,0x000000010cc30000)
 PSPermGen       total 21248K, used 9679K [0x0000000103fb0000, 0x0000000105470000, 0x00000001091b0000)
  object space 21248K, 45% used [0x0000000103fb0000,0x0000000104923f60,0x0000000105470000)
Event: 4.288 GC heap after
Heap after GC invocations=2 (full 0):
 PSYoungGen      total 26240K, used 2034K [0x00000001439b0000, 0x0000000146cf0000, 0x0000000160db0000)
  eden space 22528K, 0% used [0x00000001439b0000,0x00000001439b0000,0x0000000144fb0000)
  from space 3712K, 54% used [0x0000000145350000,0x000000014554c910,0x00000001456f0000)
  to   space 3712K, 0% used [0x0000000144fb0000,0x0000000144fb0000,0x0000000145350000)
 ParOldGen       total 59904K, used 27245K [0x00000001091b0000, 0x000000010cc30000, 0x00000001439b0000)
  object space 59904K, 45% used [0x00000001091b0000,0x000000010ac4b750,0x000000010cc30000)
 PSPermGen       total 21248K, used 9679K [0x0000000103fb0000, 0x0000000105470000, 0x00000001091b0000)
  object space 21248K, 45% used [0x0000000103fb0000,0x0000000104923f60,0x0000000105470000)
}
Event: 4.393 GC heap before
{Heap before GC invocations=3 (full 0):
 PSYoungGen      total 26240K, used 24562K [0x00000001439b0000, 0x0000000146cf0000, 0x0000000160db0000)
  eden space 22528K, 100% used [0x00000001439b0000,0x0000000144fb0000,0x0000000144fb0000)
  from space 3712K, 54% used [0x0000000145350000,0x000000014554c910,0x00000001456f0000)
  to   space 3712K, 0% used [0x0000000144fb0000,0x0000000144fb0000,0x0000000145350000)
 ParOldGen       total 59904K, used 27245K [0x00000001091b0000, 0x000000010cc30000, 0x00000001439b0000)
  object space 59904K, 45% used [0x00000001091b0000,0x000000010ac4b750,0x000000010cc30000)
 PSPermGen       total 21248K, used 9679K [0x0000000103fb0000, 0x0000000105470000, 0x00000001091b0000)
  object space 21248K, 45% used [0x0000000103fb0000,0x0000000104923f60,0x0000000105470000)
Event: 4.410 GC heap after
Heap after GC invocations=3 (full 0):
 PSYoungGen      total 26240K, used 2032K [0x00000001439b0000, 0x0000000146cf0000, 0x0000000160db0000)
  eden space 22528K, 0% used [0x00000001439b0000,0x00000001439b0000,0x0000000144fb0000)
  from space 3712K, 54% used [0x0000000144fb0000,0x00000001451ac010,0x0000000145350000)
  to   space 3712K, 0% used [0x0000000146950000,0x0000000146950000,0x0000000146cf0000)
 ParOldGen       total 59904K, used 27245K [0x00000001091b0000, 0x000000010cc30000, 0x00000001439b0000)
  object space 59904K, 45% used [0x00000001091b0000,0x000000010ac4b750,0x000000010cc30000)
 PSPermGen       total 21248K, used 9679K [0x0000000103fb0000, 0x0000000105470000, 0x00000001091b0000)
  object space 21248K, 45% used [0x0000000103fb0000,0x0000000104923f60,0x0000000105470000)
}
Event: 4.774 GC heap before
{Heap before GC invocations=4 (full 0):
 PSYoungGen      total 26240K, used 24030K [0x00000001439b0000, 0x0000000146cf0000, 0x0000000160db0000)
  eden space 22528K, 97% used [0x00000001439b0000,0x0000000144f2b878,0x0000000144fb0000)
  from space 3712K, 54% used [0x0000000144fb0000,0x00000001451ac010,0x0000000145350000)
  to   space 3712K, 0% used [0x0000000146950000,0x0000000146950000,0x0000000146cf0000)
 ParOldGen       total 59904K, used 27245K [0x00000001091b0000, 0x000000010cc30000, 0x00000001439b0000)
  object space 59904K, 45% used [0x00000001091b0000,0x000000010ac4b750,0x000000010cc30000)
 PSPermGen       total 21248K, used 9807K [0x0000000103fb0000, 0x0000000105470000, 0x00000001091b0000)
  object space 21248K, 46% used [0x0000000103fb0000,0x0000000104943f80,0x0000000105470000)
Event: 4.791 GC heap after
Heap after GC invocations=4 (full 0):
 PSYoungGen      total 48768K, used 2080K [0x00000001439b0000, 0x0000000146cf0000, 0x0000000160db0000)
  eden space 45056K, 0% used [0x00000001439b0000,0x00000001439b0000,0x00000001465b0000)
  from space 3712K, 56% used [0x0000000146950000,0x0000000146b58020,0x0000000146cf0000)
  to   space 3712K, 0% used [0x00000001465b0000,0x00000001465b0000,0x0000000146950000)
 ParOldGen       total 59904K, used 27245K [0x00000001091b0000, 0x000000010cc30000, 0x00000001439b0000)
  object space 59904K, 45% used [0x00000001091b0000,0x000000010ac4b750,0x000000010cc30000)
 PSPermGen       total 21248K, used 9807K [0x0000000103fb0000, 0x0000000105470000, 0x00000001091b0000)
  object space 21248K, 46% used [0x0000000103fb0000,0x0000000104943f80,0x0000000105470000)
}

